<?xml version="1.0" encoding="UTF-8"?>
<!-- Generated by org.testng.reporters.JUnitXMLReporter -->
<testsuite hostname="LAPTOP-637D0VS7" name="Test" tests="7" failures="1" timestamp="21 Jun 2020 16:49:54 GMT" time="405.753" errors="0">
  <testcase name="@BeforeMethod setUp" time="0.0" classname="com.uniqlo.Assignment1.Test.TC_01_Register">
    <failure type="org.openqa.selenium.TimeoutException" message="connection refused
Build info: version: &amp;apos;3.141.59&amp;apos;, revision: &amp;apos;e82be7d358&amp;apos;, time: &amp;apos;2018-11-14T08:17:03&amp;apos;
System info: host: &amp;apos;LAPTOP-637D0VS7&amp;apos;, ip: &amp;apos;192.168.43.188&amp;apos;, os.name: &amp;apos;Windows 10&amp;apos;, os.arch: &amp;apos;x86&amp;apos;, os.version: &amp;apos;10.0&amp;apos;, java.version: &amp;apos;1.8.0_241&amp;apos;
Driver info: driver.version: FirefoxDriver
remote stacktrace: ">
      <![CDATA[org.openqa.selenium.TimeoutException: connection refused
Build info: version: '3.141.59', revision: 'e82be7d358', time: '2018-11-14T08:17:03'
System info: host: 'LAPTOP-637D0VS7', ip: '192.168.43.188', os.name: 'Windows 10', os.arch: 'x86', os.version: '10.0', java.version: '1.8.0_241'
Driver info: driver.version: FirefoxDriver
remote stacktrace: 
	at org.openqa.selenium.remote.W3CHandshakeResponse.lambda$errorHandler$0(W3CHandshakeResponse.java:62)
	at org.openqa.selenium.remote.HandshakeResponse.lambda$getResponseFunction$0(HandshakeResponse.java:30)
	at org.openqa.selenium.remote.ProtocolHandshake.lambda$createSession$0(ProtocolHandshake.java:126)
	at java.util.stream.ReferencePipeline$3$1.accept(Unknown Source)
	at java.util.Spliterators$ArraySpliterator.tryAdvance(Unknown Source)
	at java.util.stream.ReferencePipeline.forEachWithCancel(Unknown Source)
	at java.util.stream.AbstractPipeline.copyIntoWithCancel(Unknown Source)
	at java.util.stream.AbstractPipeline.copyInto(Unknown Source)
	at java.util.stream.AbstractPipeline.wrapAndCopyInto(Unknown Source)
	at java.util.stream.FindOps$FindOp.evaluateSequential(Unknown Source)
	at java.util.stream.AbstractPipeline.evaluate(Unknown Source)
	at java.util.stream.ReferencePipeline.findFirst(Unknown Source)
	at org.openqa.selenium.remote.ProtocolHandshake.createSession(ProtocolHandshake.java:128)
	at org.openqa.selenium.remote.ProtocolHandshake.createSession(ProtocolHandshake.java:74)
	at org.openqa.selenium.remote.HttpCommandExecutor.execute(HttpCommandExecutor.java:136)
	at org.openqa.selenium.remote.service.DriverCommandExecutor.execute(DriverCommandExecutor.java:83)
	at org.openqa.selenium.remote.RemoteWebDriver.execute(RemoteWebDriver.java:552)
	at org.openqa.selenium.remote.RemoteWebDriver.startSession(RemoteWebDriver.java:213)
	at org.openqa.selenium.remote.RemoteWebDriver.<init>(RemoteWebDriver.java:131)
	at org.openqa.selenium.firefox.FirefoxDriver.<init>(FirefoxDriver.java:147)
	at org.openqa.selenium.firefox.FirefoxDriver.<init>(FirefoxDriver.java:125)
	at com.uniqlo.Assignment1.Resources.Base.initializeDriver(Base.java:51)
	at com.uniqlo.Assignment1.Test.TC_01_Register.setUp(TC_01_Register.java:32)
... Removed 31 stack frames]]>
    </failure>
  </testcase> <!-- @BeforeMethod setUp -->
  <testcase name="@AfterMethod tearDown" time="0.0" classname="com.uniqlo.Assignment1.Test.TC_01_Register">
    <skipped/>
  </testcase> <!-- @AfterMethod tearDown -->
  <testcase name="@BeforeMethod setUp" time="0.0" classname="com.uniqlo.Assignment1.Test.TC_01_Register">
    <skipped/>
  </testcase> <!-- @BeforeMethod setUp -->
  <testcase name="@AfterMethod tearDown" time="0.0" classname="com.uniqlo.Assignment1.Test.TC_01_Register">
    <skipped/>
  </testcase> <!-- @AfterMethod tearDown -->
  <testcase name="Register" time="0.008" classname="com.uniqlo.Assignment1.Test.TC_01_Register">
    <skipped/>
  </testcase> <!-- Register -->
  <testcase name="Register" time="0.0" classname="com.uniqlo.Assignment1.Test.TC_01_Register">
    <skipped/>
  </testcase> <!-- Register -->
  <testcase name="Alert" time="3.526" classname="com.uniqlo.Assignment1.Test.TC_02_Alert"/>
  <testcase name="Windows" time="1.24" classname="com.uniqlo.Assignment1.Test.TC_03_Windows">
    <failure type="java.lang.AssertionError" message="child window is not displayed expected [Sakinalium | Home] but found []">
      <![CDATA[java.lang.AssertionError: child window is not displayed expected [Sakinalium | Home] but found []
	at com.uniqlo.Assignment1.Test.TC_03_Windows.switchToWindow(TC_03_Windows.java:62)
	at com.uniqlo.Assignment1.Test.TC_03_Windows.Windows(TC_03_Windows.java:41)
... Removed 30 stack frames]]>
    </failure>
  </testcase> <!-- Windows -->
  <testcase name="Frames" time="1.925" classname="com.uniqlo.Assignment1.Test.TC_04_Frames"/>
  <testcase name="DatePicker" time="2.854" classname="com.uniqlo.Assignment1.Test.TC_05_DatePicker"/>
  <testcase name="selectable" time="4.974" classname="com.uniqlo.Assignment1.Test.TC_06_Selectable"/>
</testsuite> <!-- Test -->
